pigz-2.4/
pigz-2.4/pigz.c
pigz-2.4/pigz.spec
pigz-2.4/yarn.c
pigz-2.4/Makefile
pigz-2.4/zopfli/
pigz-2.4/try.c
pigz-2.4/README
pigz-2.4/pigz.1
pigz-2.4/yarn.h
pigz-2.4/pigz.pdf
pigz-2.4/try.h
pigz-2.4/zopfli/README
pigz-2.4/zopfli/CONTRIBUTORS
pigz-2.4/zopfli/COPYING
pigz-2.4/zopfli/src/
pigz-2.4/zopfli/src/zopfli/
pigz-2.4/zopfli/src/zopfli/lz77.h
pigz-2.4/zopfli/src/zopfli/util.c
pigz-2.4/zopfli/src/zopfli/blocksplitter.c
pigz-2.4/zopfli/src/zopfli/deflate.c
pigz-2.4/zopfli/src/zopfli/squeeze.c
pigz-2.4/zopfli/src/zopfli/cache.h
pigz-2.4/zopfli/src/zopfli/tree.h
pigz-2.4/zopfli/src/zopfli/katajainen.c
pigz-2.4/zopfli/src/zopfli/hash.c
pigz-2.4/zopfli/src/zopfli/lz77.c
pigz-2.4/zopfli/src/zopfli/deflate.h
pigz-2.4/zopfli/src/zopfli/blocksplitter.h
pigz-2.4/zopfli/src/zopfli/util.h
pigz-2.4/zopfli/src/zopfli/cache.c
pigz-2.4/zopfli/src/zopfli/squeeze.h
pigz-2.4/zopfli/src/zopfli/zopfli.h
pigz-2.4/zopfli/src/zopfli/hash.h
pigz-2.4/zopfli/src/zopfli/katajainen.h
pigz-2.4/zopfli/src/zopfli/tree.c
